<?xml version="1.0" encoding="UTF-8"?>
<robot generator="Robot 7.0.1 (Python 3.10.12 on linux)" generated="2024-08-29T23:46:57.529977" rpa="false" schemaversion="5">
<suite id="s1" name="Tests" source="/home/cristiano/Documentos/workspace/serverest/tests">
<suite id="s1-s1" name="Logout" source="/home/cristiano/Documentos/workspace/serverest/tests/logout.robot">
<test id="s1-s1-t1" name="Cenário 01: Criar conta como administrador" line="11">
<kw name="Start Browser" owner="Hooks" type="SETUP">
<kw name="New Browser" owner="Browser">
<msg time="2024-08-29T23:46:57.892519" level="INFO">{"browser": "chromium", "headless": false, "chromiumSandbox": false, "devtools": false, "handleSIGHUP": true, "handleSIGINT": true, "handleSIGTERM": true, "slowMo": 0.0, "timeout": 30000.0, "tracesDir": "/home/cristiano/Documentos/workspace/serverest/logs/browser/traces/468884c0-0134-4aee-aa09-7befe9a7d059"}</msg>
<msg time="2024-08-29T23:46:58.147813" level="INFO">Successfully created browser with options: {"browser":"chromium","headless":false,"chromiumSandbox":false,"devtools":false,"handleSIGHUP":true,"handleSIGINT":true,"handleSIGTERM":true,"slowMo":0,"timeout":30000,"tracesDir":"/home/cristiano/Documentos/workspace/serverest/logs/browser/traces/468884c0-0134-4aee-aa09-7befe9a7d059"}</msg>
<arg>browser=${BROWSER}</arg>
<arg>headless=${IS_HEADLESS}</arg>
<tag>BrowserControl</tag>
<tag>Setter</tag>
<doc>Create a new playwright Browser with specified options.</doc>
<status status="PASS" start="2024-08-29T23:46:57.891960" elapsed="0.256000"/>
</kw>
<kw name="New Page" owner="Browser">
<msg time="2024-08-29T23:47:00.134854" level="INFO">Successfully initialized new page object and opened url: https://front.serverest.dev/login</msg>
<msg time="2024-08-29T23:47:00.135008" level="INFO">No context was open. New context was automatically opened when this page is created.</msg>
<arg>${BASE_URL}</arg>
<tag>BrowserControl</tag>
<tag>Setter</tag>
<doc>Open a new Page.</doc>
<status status="PASS" start="2024-08-29T23:46:58.148169" elapsed="1.987067"/>
</kw>
<status status="PASS" start="2024-08-29T23:46:57.891436" elapsed="2.244044"/>
</kw>
<kw name="Get JSON" owner="Hooks">
<kw name="Load Json From File" owner="JSONLibrary">
<msg time="2024-08-29T23:47:00.138117" level="INFO">${json} = {'admin': {'name': 'Cristiano Ferreira', 'email': 'cristiano@qa.com.br', 'password': 'Abc@123'}}</msg>
<var>${json}</var>
<arg>${EXECDIR}/resources/Json/${json_path}.json</arg>
<arg>encoding=UTF-8</arg>
<doc>Load JSON from file.</doc>
<status status="PASS" start="2024-08-29T23:47:00.137049" elapsed="0.001150"/>
</kw>
<kw name="Return From Keyword" owner="BuiltIn">
<msg time="2024-08-29T23:47:00.138742" level="INFO">Returning from the enclosing user keyword.</msg>
<arg>${json}</arg>
<doc>Returns from the enclosing user keyword.</doc>
<status status="PASS" start="2024-08-29T23:47:00.138550" elapsed="0.000304"/>
</kw>
<msg time="2024-08-29T23:47:00.139126" level="INFO">${user} = {'admin': {'name': 'Cristiano Ferreira', 'email': 'cristiano@qa.com.br', 'password': 'Abc@123'}}</msg>
<var>${user}</var>
<arg>User</arg>
<status status="PASS" start="2024-08-29T23:47:00.136128" elapsed="0.003045"/>
</kw>
<kw name="Dado cliquei no botão Cadastre-se" owner="Logout">
<kw name="Click" owner="Browser">
<msg time="2024-08-29T23:47:00.140944" level="INFO">Clicks the element 'css=a &gt;&gt; text=Cadastre-se'.</msg>
<arg>${LINK_REGISTER}</arg>
<tag>PageContent</tag>
<tag>Setter</tag>
<doc>Simulates mouse click on the element found by ``selector``.</doc>
<status status="PASS" start="2024-08-29T23:47:00.140086" elapsed="0.197286"/>
</kw>
<status status="PASS" start="2024-08-29T23:47:00.139597" elapsed="0.197956"/>
</kw>
<kw name="E prencha o campo nome" owner="Logout">
<kw name="Fill Text" owner="Browser">
<msg time="2024-08-29T23:47:00.338625" level="INFO">Fills the text 'Cristiano Ferreira' in the given field.</msg>
<arg>${INPUT_NAME}</arg>
<arg>${name}</arg>
<tag>PageContent</tag>
<tag>Setter</tag>
<doc>Clears and fills the given ``txt`` into the text field found by ``selector``.</doc>
<status status="PASS" start="2024-08-29T23:47:00.338225" elapsed="0.015227"/>
</kw>
<arg>${user}[admin][name]</arg>
<status status="PASS" start="2024-08-29T23:47:00.337865" elapsed="0.015945"/>
</kw>
<kw name="E prencha o campo email" owner="Logout">
<kw name="Fill Text" owner="Browser">
<msg time="2024-08-29T23:47:00.355454" level="INFO">Fills the text 'cristiano@qa.com.br' in the given field.</msg>
<arg>${INPUT_EMAIL}</arg>
<arg>${email}</arg>
<tag>PageContent</tag>
<tag>Setter</tag>
<doc>Clears and fills the given ``txt`` into the text field found by ``selector``.</doc>
<status status="PASS" start="2024-08-29T23:47:00.354973" elapsed="0.012989"/>
</kw>
<arg>${user}[admin][email]</arg>
<status status="PASS" start="2024-08-29T23:47:00.354496" elapsed="0.013633"/>
</kw>
<kw name="E prencha o campo password" owner="Logout">
<kw name="Fill Text" owner="Browser">
<msg time="2024-08-29T23:47:00.369534" level="INFO">Fills the text 'Abc@123' in the given field.</msg>
<arg>${INPUT_PASSWORD}</arg>
<arg>${password}</arg>
<tag>PageContent</tag>
<tag>Setter</tag>
<doc>Clears and fills the given ``txt`` into the text field found by ``selector``.</doc>
<status status="PASS" start="2024-08-29T23:47:00.368956" elapsed="0.012125"/>
</kw>
<arg>${user}[admin][password]</arg>
<status status="PASS" start="2024-08-29T23:47:00.368436" elapsed="0.012787"/>
</kw>
<kw name="E marque como administrador" owner="Logout">
<kw name="Check Checkbox" owner="Browser">
<arg>${INPUT_ADMIN}</arg>
<tag>PageContent</tag>
<tag>Setter</tag>
<doc>Checks the checkbox or selects radio button found by ``selector``.</doc>
<status status="PASS" start="2024-08-29T23:47:00.381700" elapsed="0.048661"/>
</kw>
<status status="PASS" start="2024-08-29T23:47:00.381447" elapsed="0.049071"/>
</kw>
<kw name="Quando clicar no botão entrar" owner="Logout">
<kw name="Click" owner="Browser">
<msg time="2024-08-29T23:47:00.431582" level="INFO">Clicks the element 'css=button &gt;&gt; text=Cadastrar'.</msg>
<arg>${BTN_REGISTER}</arg>
<tag>PageContent</tag>
<tag>Setter</tag>
<doc>Simulates mouse click on the element found by ``selector``.</doc>
<status status="PASS" start="2024-08-29T23:47:00.431162" elapsed="0.046041"/>
</kw>
<status status="PASS" start="2024-08-29T23:47:00.430839" elapsed="0.046524"/>
</kw>
<kw name="Então exibir a mensagem" owner="Logout">
<kw name="Wait For Elements State" owner="Browser">
<msg time="2024-08-29T23:47:01.280197" level="INFO">Waited for Element with selector css=a &gt;&gt; text=Cadastro realizado com sucesso at state visible</msg>
<arg>css=a &gt;&gt; text=${msg}</arg>
<arg>visible</arg>
<arg>5</arg>
<tag>PageContent</tag>
<tag>Wait</tag>
<doc>Waits for the element found by ``selector`` to satisfy state option.</doc>
<status status="PASS" start="2024-08-29T23:47:00.478149" elapsed="0.802323"/>
</kw>
<arg>Cadastro realizado com sucesso</arg>
<status status="PASS" start="2024-08-29T23:47:00.477677" elapsed="0.803057"/>
</kw>
<kw name="E sou redirecionado para tela principal" owner="Logout">
<kw name="Wait For Elements State" owner="Browser">
<msg time="2024-08-29T23:47:04.620816" level="INFO">Waited for Element with selector css=h1 &gt;&gt; text=Bem Vindo Cristiano Ferreira at state visible</msg>
<arg>css=h1 &gt;&gt; text=${name}</arg>
<arg>visible</arg>
<arg>5</arg>
<tag>PageContent</tag>
<tag>Wait</tag>
<doc>Waits for the element found by ``selector`` to satisfy state option.</doc>
<status status="PASS" start="2024-08-29T23:47:01.282164" elapsed="3.338936"/>
</kw>
<arg>Bem Vindo ${user}[admin][name]</arg>
<status status="PASS" start="2024-08-29T23:47:01.281308" elapsed="3.340057"/>
</kw>
<kw name="Sleep" owner="BuiltIn">
<msg time="2024-08-29T23:47:07.622461" level="INFO">Slept 3 seconds.</msg>
<arg>3</arg>
<doc>Pauses the test executed for the given time.</doc>
<status status="PASS" start="2024-08-29T23:47:04.621848" elapsed="3.000937"/>
</kw>
<kw name="Finish Browser" owner="Hooks" type="TEARDOWN">
<kw name="Take Screenshot" owner="Browser">
<msg time="2024-08-29T23:47:07.716950" level="INFO" html="true">&lt;/td&gt;&lt;/tr&gt;&lt;tr&gt;&lt;td colspan="3"&gt;&lt;a href="browser/screenshot/robotframework-browser-screenshot-1.png" target="_blank"&gt;&lt;img src="browser/screenshot/robotframework-browser-screenshot-1.png" width="800px"/&gt;&lt;/a&gt;</msg>
<arg>fullPage=true</arg>
<tag>PageContent</tag>
<doc>Takes a screenshot of the current window or element and saves it to disk.</doc>
<status status="PASS" start="2024-08-29T23:47:07.624693" elapsed="0.092411"/>
</kw>
<status status="PASS" start="2024-08-29T23:47:07.623827" elapsed="0.093380"/>
</kw>
<status status="PASS" start="2024-08-29T23:46:57.889445" elapsed="9.827845"/>
</test>
<doc>Suite de testes de login</doc>
<status status="PASS" start="2024-08-29T23:46:57.543361" elapsed="10.240064"/>
</suite>
<status status="PASS" start="2024-08-29T23:46:57.530578" elapsed="10.256595"/>
</suite>
<statistics>
<total>
<stat pass="1" fail="0" skip="0">All Tests</stat>
</total>
<tag>
</tag>
<suite>
<stat pass="1" fail="0" skip="0" id="s1" name="Tests">Tests</stat>
<stat pass="1" fail="0" skip="0" id="s1-s1" name="Logout">Tests.Logout</stat>
</suite>
</statistics>
<errors>
</errors>
</robot>
